This is pdfTeX, Version 3.141592653-2.6-1.40.26 (TeX Live 2025/dev/Debian) (preloaded format=pdflatex 2025.10.10)  9 DEC 2025 06:27
entering extended mode
 restricted \write18 enabled.
 %&-line parsing enabled.
**main.tex
(./main.tex
LaTeX2e <2024-11-01> patch level 2
L3 programming layer <2025-01-18>
(/usr/share/texlive/texmf-dist/tex/latex/base/article.cls
Document Class: article 2024/06/29 v1.4n Standard LaTeX document class
(/usr/share/texlive/texmf-dist/tex/latex/base/size12.clo
File: size12.clo 2024/06/29 v1.4n Standard LaTeX file (size option)
)
\c@part=\count196
\c@section=\count197
\c@subsection=\count198
\c@subsubsection=\count199
\c@paragraph=\count266
\c@subparagraph=\count267
\c@figure=\count268
\c@table=\count269
\abovecaptionskip=\skip49
\belowcaptionskip=\skip50
\bibindent=\dimen141
)
(/usr/share/texlive/texmf-dist/tex/latex/base/inputenc.sty
Package: inputenc 2024/02/08 v1.3d Input encoding file
\inpenc@prehook=\toks17
\inpenc@posthook=\toks18
)
(/usr/share/texlive/texmf-dist/tex/latex/base/fontenc.sty
Package: fontenc 2021/04/29 v2.0v Standard LaTeX package
)
(/usr/share/texlive/texmf-dist/tex/generic/babel/babel.sty
Package: babel 2025/02/14 v25.4 The multilingual framework for pdfLaTeX, LuaLaT
eX and XeLaTeX
\babel@savecnt=\count270
\U@D=\dimen142
\l@unhyphenated=\language3

(/usr/share/texlive/texmf-dist/tex/generic/babel/txtbabel.def)
\bbl@readstream=\read2
\bbl@dirlevel=\count271

(/usr/share/texlive/texmf-dist/tex/generic/babel-english/english.ldf
Language: english 2017/06/06 v3.3r English support from the babel system
Package babel Info: Hyphen rules for 'british' set to \l@english
(babel)             (\language0). Reported on input line 82.
Package babel Info: Hyphen rules for 'UKenglish' set to \l@english
(babel)             (\language0). Reported on input line 83.
Package babel Info: Hyphen rules for 'canadian' set to \l@english
(babel)             (\language0). Reported on input line 102.
Package babel Info: Hyphen rules for 'australian' set to \l@english
(babel)             (\language0). Reported on input line 105.
Package babel Info: Hyphen rules for 'newzealand' set to \l@english
(babel)             (\language0). Reported on input line 108.
))
(/usr/share/texlive/texmf-dist/tex/generic/babel/locale/en/babel-english.tex
Package babel Info: Importing font and identification data for english
(babel)             from babel-en.ini. Reported on input line 11.
)
(/usr/share/texlive/texmf-dist/tex/latex/geometry/geometry.sty
Package: geometry 2020/01/02 v5.9 Page Geometry

(/usr/share/texlive/texmf-dist/tex/latex/graphics/keyval.sty
Package: keyval 2022/05/29 v1.15 key=value parser (DPC)
\KV@toks@=\toks19
)
(/usr/share/texlive/texmf-dist/tex/generic/iftex/ifvtex.sty
Package: ifvtex 2019/10/25 v1.7 ifvtex legacy package. Use iftex instead.

(/usr/share/texlive/texmf-dist/tex/generic/iftex/iftex.sty
Package: iftex 2024/12/12 v1.0g TeX engine tests
))
\Gm@cnth=\count272
\Gm@cntv=\count273
\c@Gm@tempcnt=\count274
\Gm@bindingoffset=\dimen143
\Gm@wd@mp=\dimen144
\Gm@odd@mp=\dimen145
\Gm@even@mp=\dimen146
\Gm@layoutwidth=\dimen147
\Gm@layoutheight=\dimen148
\Gm@layouthoffset=\dimen149
\Gm@layoutvoffset=\dimen150
\Gm@dimlist=\toks20
)
(/usr/share/texlive/texmf-dist/tex/latex/graphics/graphicx.sty
Package: graphicx 2021/09/16 v1.2d Enhanced LaTeX Graphics (DPC,SPQR)

(/usr/share/texlive/texmf-dist/tex/latex/graphics/graphics.sty
Package: graphics 2024/08/06 v1.4g Standard LaTeX Graphics (DPC,SPQR)

(/usr/share/texlive/texmf-dist/tex/latex/graphics/trig.sty
Package: trig 2023/12/02 v1.11 sin cos tan (DPC)
)
(/usr/share/texlive/texmf-dist/tex/latex/graphics-cfg/graphics.cfg
File: graphics.cfg 2016/06/04 v1.11 sample graphics configuration
)
Package graphics Info: Driver file: pdftex.def on input line 106.

(/usr/share/texlive/texmf-dist/tex/latex/graphics-def/pdftex.def
File: pdftex.def 2024/04/13 v1.2c Graphics/color driver for pdftex
))
\Gin@req@height=\dimen151
\Gin@req@width=\dimen152
)
(/usr/share/texlive/texmf-dist/tex/latex/float/float.sty
Package: float 2001/11/08 v1.3d Float enhancements (AL)
\c@float@type=\count275
\float@exts=\toks21
\float@box=\box52
\@float@everytoks=\toks22
\@floatcapt=\box53
)
(/usr/share/texlive/texmf-dist/tex/latex/caption/subcaption.sty
Package: subcaption 2023/07/28 v1.6b Sub-captions (AR)

(/usr/share/texlive/texmf-dist/tex/latex/caption/caption.sty
Package: caption 2023/08/05 v3.6o Customizing captions (AR)

(/usr/share/texlive/texmf-dist/tex/latex/caption/caption3.sty
Package: caption3 2023/07/31 v2.4d caption3 kernel (AR)
\caption@tempdima=\dimen153
\captionmargin=\dimen154
\caption@leftmargin=\dimen155
\caption@rightmargin=\dimen156
\caption@width=\dimen157
\caption@indent=\dimen158
\caption@parindent=\dimen159
\caption@hangindent=\dimen160
Package caption Info: Standard document class detected.
)
\c@caption@flags=\count276
\c@continuedfloat=\count277
Package caption Info: float package is loaded.
)
Package caption Info: New subtype `subfigure' on input line 238.
\c@subfigure=\count278
Package caption Info: New subtype `subtable' on input line 238.
\c@subtable=\count279
)
(/usr/share/texlive/texmf-dist/tex/latex/booktabs/booktabs.sty
Package: booktabs 2020/01/12 v1.61803398 Publication quality tables
\heavyrulewidth=\dimen161
\lightrulewidth=\dimen162
\cmidrulewidth=\dimen163
\belowrulesep=\dimen164
\belowbottomsep=\dimen165
\aboverulesep=\dimen166
\abovetopsep=\dimen167
\cmidrulesep=\dimen168
\cmidrulekern=\dimen169
\defaultaddspace=\dimen170
\@cmidla=\count280
\@cmidlb=\count281
\@aboverulesep=\dimen171
\@belowrulesep=\dimen172
\@thisruleclass=\count282
\@lastruleclass=\count283
\@thisrulewidth=\dimen173
)
(/usr/share/texlive/texmf-dist/tex/latex/tools/tabularx.sty
Package: tabularx 2023/12/11 v2.12a `tabularx' package (DPC)

(/usr/share/texlive/texmf-dist/tex/latex/tools/array.sty
Package: array 2024/10/17 v2.6g Tabular extension package (FMi)
\col@sep=\dimen174
\ar@mcellbox=\box54
\extrarowheight=\dimen175
\NC@list=\toks23
\extratabsurround=\skip51
\backup@length=\skip52
\ar@cellbox=\box55
)
\TX@col@width=\dimen176
\TX@old@table=\dimen177
\TX@old@col=\dimen178
\TX@target=\dimen179
\TX@delta=\dimen180
\TX@cols=\count284
\TX@ftn=\toks24
)
(/usr/share/texlive/texmf-dist/tex/latex/multirow/multirow.sty
Package: multirow 2024/11/12 v2.9 Span multiple rows of a table
\multirow@colwidth=\skip53
\multirow@cntb=\count285
\multirow@dima=\skip54
\bigstrutjot=\dimen181
)
(/usr/share/texlive/texmf-dist/tex/latex/amsmath/amsmath.sty
Package: amsmath 2024/11/05 v2.17t AMS math features
\@mathmargin=\skip55

For additional information on amsmath, use the `?' option.
(/usr/share/texlive/texmf-dist/tex/latex/amsmath/amstext.sty
Package: amstext 2021/08/26 v2.01 AMS text

(/usr/share/texlive/texmf-dist/tex/latex/amsmath/amsgen.sty
File: amsgen.sty 1999/11/30 v2.0 generic functions
\@emptytoks=\toks25
\ex@=\dimen182
))
(/usr/share/texlive/texmf-dist/tex/latex/amsmath/amsbsy.sty
Package: amsbsy 1999/11/29 v1.2d Bold Symbols
\pmbraise@=\dimen183
)
(/usr/share/texlive/texmf-dist/tex/latex/amsmath/amsopn.sty
Package: amsopn 2022/04/08 v2.04 operator names
)
\inf@bad=\count286
LaTeX Info: Redefining \frac on input line 233.
\uproot@=\count287
\leftroot@=\count288
LaTeX Info: Redefining \overline on input line 398.
LaTeX Info: Redefining \colon on input line 409.
\classnum@=\count289
\DOTSCASE@=\count290
LaTeX Info: Redefining \ldots on input line 495.
LaTeX Info: Redefining \dots on input line 498.
LaTeX Info: Redefining \cdots on input line 619.
\Mathstrutbox@=\box56
\strutbox@=\box57
LaTeX Info: Redefining \big on input line 721.
LaTeX Info: Redefining \Big on input line 722.
LaTeX Info: Redefining \bigg on input line 723.
LaTeX Info: Redefining \Bigg on input line 724.
\big@size=\dimen184
LaTeX Font Info:    Redeclaring font encoding OML on input line 742.
LaTeX Font Info:    Redeclaring font encoding OMS on input line 743.
\macc@depth=\count291
LaTeX Info: Redefining \bmod on input line 904.
LaTeX Info: Redefining \pmod on input line 909.
LaTeX Info: Redefining \smash on input line 939.
LaTeX Info: Redefining \relbar on input line 969.
LaTeX Info: Redefining \Relbar on input line 970.
\c@MaxMatrixCols=\count292
\dotsspace@=\muskip17
\c@parentequation=\count293
\dspbrk@lvl=\count294
\tag@help=\toks26
\row@=\count295
\column@=\count296
\maxfields@=\count297
\andhelp@=\toks27
\eqnshift@=\dimen185
\alignsep@=\dimen186
\tagshift@=\dimen187
\tagwidth@=\dimen188
\totwidth@=\dimen189
\lineht@=\dimen190
\@envbody=\toks28
\multlinegap=\skip56
\multlinetaggap=\skip57
\mathdisplay@stack=\toks29
LaTeX Info: Redefining \[ on input line 2953.
LaTeX Info: Redefining \] on input line 2954.
)
(/usr/share/texlive/texmf-dist/tex/latex/amsfonts/amssymb.sty
Package: amssymb 2013/01/14 v3.01 AMS font symbols

(/usr/share/texlive/texmf-dist/tex/latex/amsfonts/amsfonts.sty
Package: amsfonts 2013/01/14 v3.01 Basic AMSFonts support
\symAMSa=\mathgroup4
\symAMSb=\mathgroup5
LaTeX Font Info:    Redeclaring math symbol \hbar on input line 98.
LaTeX Font Info:    Overwriting math alphabet `\mathfrak' in version `bold'
(Font)                  U/euf/m/n --> U/euf/b/n on input line 106.
))
(/usr/share/texlive/texmf-dist/tex/latex/natbib/natbib.sty
Package: natbib 2010/09/13 8.31b (PWD, AO)
\bibhang=\skip58
\bibsep=\skip59
LaTeX Info: Redefining \cite on input line 694.
\c@NAT@ctr=\count298
)
(/usr/share/texlive/texmf-dist/tex/latex/hyperref/hyperref.sty
Package: hyperref 2024-11-05 v7.01l Hypertext links for LaTeX

(/usr/share/texlive/texmf-dist/tex/latex/kvsetkeys/kvsetkeys.sty
Package: kvsetkeys 2022-10-05 v1.19 Key value parser (HO)
)
(/usr/share/texlive/texmf-dist/tex/generic/kvdefinekeys/kvdefinekeys.sty
Package: kvdefinekeys 2019-12-19 v1.6 Define keys (HO)
)
(/usr/share/texlive/texmf-dist/tex/generic/pdfescape/pdfescape.sty
Package: pdfescape 2019/12/09 v1.15 Implements pdfTeX's escape features (HO)

(/usr/share/texlive/texmf-dist/tex/generic/ltxcmds/ltxcmds.sty
Package: ltxcmds 2023-12-04 v1.26 LaTeX kernel commands for general use (HO)
)
(/usr/share/texlive/texmf-dist/tex/generic/pdftexcmds/pdftexcmds.sty
Package: pdftexcmds 2020-06-27 v0.33 Utility functions of pdfTeX for LuaTeX (HO
)

(/usr/share/texlive/texmf-dist/tex/generic/infwarerr/infwarerr.sty
Package: infwarerr 2019/12/03 v1.5 Providing info/warning/error messages (HO)
)
Package pdftexcmds Info: \pdf@primitive is available.
Package pdftexcmds Info: \pdf@ifprimitive is available.
Package pdftexcmds Info: \pdfdraftmode found.
))
(/usr/share/texlive/texmf-dist/tex/latex/hycolor/hycolor.sty
Package: hycolor 2020-01-27 v1.10 Color options for hyperref/bookmark (HO)
)
(/usr/share/texlive/texmf-dist/tex/latex/hyperref/nameref.sty
Package: nameref 2023-11-26 v2.56 Cross-referencing by name of section

(/usr/share/texlive/texmf-dist/tex/latex/refcount/refcount.sty
Package: refcount 2019/12/15 v3.6 Data extraction from label references (HO)
)
(/usr/share/texlive/texmf-dist/tex/generic/gettitlestring/gettitlestring.sty
Package: gettitlestring 2019/12/15 v1.6 Cleanup title references (HO)

(/usr/share/texlive/texmf-dist/tex/latex/kvoptions/kvoptions.sty
Package: kvoptions 2022-06-15 v3.15 Key value format for package options (HO)
))
\c@section@level=\count299
)
(/usr/share/texlive/texmf-dist/tex/latex/etoolbox/etoolbox.sty
Package: etoolbox 2025/02/11 v2.5l e-TeX tools for LaTeX (JAW)
\etb@tempcnta=\count300
)
(/usr/share/texlive/texmf-dist/tex/generic/stringenc/stringenc.sty
Package: stringenc 2019/11/29 v1.12 Convert strings between diff. encodings (HO
)
)
\@linkdim=\dimen191
\Hy@linkcounter=\count301
\Hy@pagecounter=\count302

(/usr/share/texlive/texmf-dist/tex/latex/hyperref/pd1enc.def
File: pd1enc.def 2024-11-05 v7.01l Hyperref: PDFDocEncoding definition (HO)
Now handling font encoding PD1 ...
... no UTF-8 mapping file for font encoding PD1
)
(/usr/share/texlive/texmf-dist/tex/generic/intcalc/intcalc.sty
Package: intcalc 2019/12/15 v1.3 Expandable calculations with integers (HO)
)
\Hy@SavedSpaceFactor=\count303

(/usr/share/texlive/texmf-dist/tex/latex/hyperref/puenc.def
File: puenc.def 2024-11-05 v7.01l Hyperref: PDF Unicode definition (HO)
Now handling font encoding PU ...
... no UTF-8 mapping file for font encoding PU
)
Package hyperref Info: Hyper figures OFF on input line 4157.
Package hyperref Info: Link nesting OFF on input line 4162.
Package hyperref Info: Hyper index ON on input line 4165.
Package hyperref Info: Plain pages OFF on input line 4172.
Package hyperref Info: Backreferencing OFF on input line 4177.
Package hyperref Info: Implicit mode ON; LaTeX internals redefined.
Package hyperref Info: Bookmarks ON on input line 4424.
\c@Hy@tempcnt=\count304

(/usr/share/texlive/texmf-dist/tex/latex/url/url.sty
\Urlmuskip=\muskip18
Package: url 2013/09/16  ver 3.4  Verb mode for urls, etc.
)
LaTeX Info: Redefining \url on input line 4763.
\XeTeXLinkMargin=\dimen192

(/usr/share/texlive/texmf-dist/tex/generic/bitset/bitset.sty
Package: bitset 2019/12/09 v1.3 Handle bit-vector datatype (HO)

(/usr/share/texlive/texmf-dist/tex/generic/bigintcalc/bigintcalc.sty
Package: bigintcalc 2019/12/15 v1.5 Expandable calculations on big integers (HO
)
))
\Fld@menulength=\count305
\Field@Width=\dimen193
\Fld@charsize=\dimen194
Package hyperref Info: Hyper figures OFF on input line 6042.
Package hyperref Info: Link nesting OFF on input line 6047.
Package hyperref Info: Hyper index ON on input line 6050.
Package hyperref Info: backreferencing OFF on input line 6057.
Package hyperref Info: Link coloring OFF on input line 6062.
Package hyperref Info: Link coloring with OCG OFF on input line 6067.
Package hyperref Info: PDF/A mode OFF on input line 6072.

(/usr/share/texlive/texmf-dist/tex/latex/base/atbegshi-ltx.sty
Package: atbegshi-ltx 2021/01/10 v1.0c Emulation of the original atbegshi
package with kernel methods
)
\Hy@abspage=\count306
\c@Item=\count307
\c@Hfootnote=\count308
)
Package hyperref Info: Driver (autodetected): hpdftex.

(/usr/share/texlive/texmf-dist/tex/latex/hyperref/hpdftex.def
File: hpdftex.def 2024-11-05 v7.01l Hyperref driver for pdfTeX

(/usr/share/texlive/texmf-dist/tex/latex/base/atveryend-ltx.sty
Package: atveryend-ltx 2020/08/19 v1.0a Emulation of the original atveryend pac
kage
with kernel methods
)
\Fld@listcount=\count309
\c@bookmark@seq@number=\count310

(/usr/share/texlive/texmf-dist/tex/latex/rerunfilecheck/rerunfilecheck.sty
Package: rerunfilecheck 2022-07-10 v1.10 Rerun checks for auxiliary files (HO)

(/usr/share/texlive/texmf-dist/tex/generic/uniquecounter/uniquecounter.sty
Package: uniquecounter 2019/12/15 v1.4 Provide unlimited unique counter (HO)
)
Package uniquecounter Info: New unique counter `rerunfilecheck' on input line 2
85.
)
\Hy@SectionHShift=\skip60
)
Package hyperref Info: Option `colorlinks' set `true' on input line 37.

(/usr/share/texlive/texmf-dist/tex/latex/setspace/setspace.sty
Package: setspace 2022/12/04 v6.7b set line spacing
)
(/usr/share/texlive/texmf-dist/tex/latex/parskip/parskip.sty
Package: parskip 2021-03-14 v2.0h non-zero parskip adjustments
)
(/usr/share/texlive/texmf-dist/tex/latex/enumitem/enumitem.sty
Package: enumitem 2025/02/06 v3.11 Customized lists
\labelindent=\skip61
\enit@outerparindent=\dimen195
\enit@toks=\toks30
\enit@inbox=\box58
\enit@count@id=\count311
\enitdp@description=\count312
)
(/usr/share/texlive/texmf-dist/tex/latex/l3backend/l3backend-pdftex.def
File: l3backend-pdftex.def 2024-05-08 L3 backend support: PDF output (pdfTeX)
\l__color_backend_stack_int=\count313
\l__pdf_internal_box=\box59
)
(./main.aux)
\openout1 = `main.aux'.

LaTeX Font Info:    Checking defaults for OML/cmm/m/it on input line 56.
LaTeX Font Info:    ... okay on input line 56.
LaTeX Font Info:    Checking defaults for OMS/cmsy/m/n on input line 56.
LaTeX Font Info:    ... okay on input line 56.
LaTeX Font Info:    Checking defaults for OT1/cmr/m/n on input line 56.
LaTeX Font Info:    ... okay on input line 56.
LaTeX Font Info:    Checking defaults for T1/cmr/m/n on input line 56.
LaTeX Font Info:    ... okay on input line 56.
LaTeX Font Info:    Checking defaults for TS1/cmr/m/n on input line 56.
LaTeX Font Info:    ... okay on input line 56.
LaTeX Font Info:    Checking defaults for OMX/cmex/m/n on input line 56.
LaTeX Font Info:    ... okay on input line 56.
LaTeX Font Info:    Checking defaults for U/cmr/m/n on input line 56.
LaTeX Font Info:    ... okay on input line 56.
LaTeX Font Info:    Checking defaults for PD1/pdf/m/n on input line 56.
LaTeX Font Info:    ... okay on input line 56.
LaTeX Font Info:    Checking defaults for PU/pdf/m/n on input line 56.
LaTeX Font Info:    ... okay on input line 56.

*geometry* driver: auto-detecting
*geometry* detected driver: pdftex
*geometry* verbose mode - [ preamble ] result:
* driver: pdftex
* paper: a4paper
* layout: <same size as paper>
* layoutoffset:(h,v)=(0.0pt,0.0pt)
* modes: 
* h-part:(L,W,R)=(71.13188pt, 455.24411pt, 71.13188pt)
* v-part:(T,H,B)=(71.13188pt, 702.78308pt, 71.13188pt)
* \paperwidth=597.50787pt
* \paperheight=845.04684pt
* \textwidth=455.24411pt
* \textheight=702.78308pt
* \oddsidemargin=-1.1381pt
* \evensidemargin=-1.1381pt
* \topmargin=-38.1381pt
* \headheight=12.0pt
* \headsep=25.0pt
* \topskip=12.0pt
* \footskip=30.0pt
* \marginparwidth=35.0pt
* \marginparsep=10.0pt
* \columnsep=10.0pt
* \skip\footins=10.8pt plus 4.0pt minus 2.0pt
* \hoffset=0.0pt
* \voffset=0.0pt
* \mag=1000
* \@twocolumnfalse
* \@twosidefalse
* \@mparswitchfalse
* \@reversemarginfalse
* (1in=72.27pt=25.4mm, 1cm=28.453pt)

(/usr/share/texlive/texmf-dist/tex/context/base/mkii/supp-pdf.mkii
[Loading MPS to PDF converter (version 2006.09.02).]
\scratchcounter=\count314
\scratchdimen=\dimen196
\scratchbox=\box60
\nofMPsegments=\count315
\nofMParguments=\count316
\everyMPshowfont=\toks31
\MPscratchCnt=\count317
\MPscratchDim=\dimen197
\MPnumerator=\count318
\makeMPintoPDFobject=\count319
\everyMPtoPDFconversion=\toks32
) (/usr/share/texlive/texmf-dist/tex/latex/epstopdf-pkg/epstopdf-base.sty
Package: epstopdf-base 2020-01-24 v2.11 Base part for package epstopdf
Package epstopdf-base Info: Redefining graphics rule for `.eps' on input line 4
85.

(/usr/share/texlive/texmf-dist/tex/latex/latexconfig/epstopdf-sys.cfg
File: epstopdf-sys.cfg 2010/07/13 v1.3 Configuration of (r)epstopdf for TeX Liv
e
))
Package caption Info: Begin \AtBeginDocument code.
Package caption Info: hyperref package is loaded.
Package caption Info: End \AtBeginDocument code.

(/usr/share/texlive/texmf-dist/tex/latex/graphics/color.sty
Package: color 2024/06/23 v1.3e Standard LaTeX Color (DPC)

(/usr/share/texlive/texmf-dist/tex/latex/graphics-cfg/color.cfg
File: color.cfg 2016/01/02 v1.6 sample color configuration
)
Package color Info: Driver file: pdftex.def on input line 149.

(/usr/share/texlive/texmf-dist/tex/latex/graphics/mathcolor.ltx))
Package hyperref Info: Link coloring ON on input line 56.
 (./main.out)
(./main.out)
\@outlinefile=\write3
\openout3 = `main.out'.



[1

{/var/lib/texmf/fonts/map/pdftex/updmap/pdftex.map}]


pdfTeX warning (ext4): destination with the same identifier (name{page.1}) has 
been already used, duplicate ignored
<to be read again> 
                   \relax 
l.90 \newpage
              [1] (./main.toc
LaTeX Font Info:    Trying to load font information for U+msa on input line 3.

(/usr/share/texlive/texmf-dist/tex/latex/amsfonts/umsa.fd
File: umsa.fd 2013/01/14 v3.01 AMS symbols A
)
LaTeX Font Info:    Trying to load font information for U+msb on input line 3.

(/usr/share/texlive/texmf-dist/tex/latex/amsfonts/umsb.fd
File: umsb.fd 2013/01/14 v3.01 AMS symbols B
))
\tf@toc=\write4
\openout4 = `main.toc'.



[2]

[3]

[4]

[5]

[6]

[7]
<../Portfolio_Analysis/Cross_Sector_Impact/output_plots/00_flow_visualization_A
griculture_forestry_and_fishi.png, id=229, 1727.253pt x 1003.8303pt>
File: ../Portfolio_Analysis/Cross_Sector_Impact/output_plots/00_flow_visualizat
ion_Agriculture_forestry_and_fishi.png Graphic file (type png)
<use ../Portfolio_Analysis/Cross_Sector_Impact/output_plots/00_flow_visualizati
on_Agriculture_forestry_and_fishi.png>
Package pdftex.def Info: ../Portfolio_Analysis/Cross_Sector_Impact/output_plots
/00_flow_visualization_Agriculture_forestry_and_fishi.png  used on input line 2
46.
(pdftex.def)             Requested size: 455.24411pt x 264.57394pt.


[8]
<../Portfolio_Analysis/Cross_Sector_Impact/output_plots/00_flow_visualization_M
ining.png, id=236, 1438.173pt x 1003.8303pt>
File: ../Portfolio_Analysis/Cross_Sector_Impact/output_plots/00_flow_visualizat
ion_Mining.png Graphic file (type png)
<use ../Portfolio_Analysis/Cross_Sector_Impact/output_plots/00_flow_visualizati
on_Mining.png>
Package pdftex.def Info: ../Portfolio_Analysis/Cross_Sector_Impact/output_plots
/00_flow_visualization_Mining.png  used on input line 270.
(pdftex.def)             Requested size: 409.71692pt x 285.97208pt.


[9 <../Portfolio_Analysis/Cross_Sector_Impact/output_plots/00_flow_visualizatio
n_Agriculture_forestry_and_fishi.png>]
<../Portfolio_Analysis/Cross_Sector_Impact/output_plots/02_affected_timescale.p
ng, id=242, 1590.9036pt x 604.659pt>
File: ../Portfolio_Analysis/Cross_Sector_Impact/output_plots/02_affected_timesc
ale.png Graphic file (type png)
<use ../Portfolio_Analysis/Cross_Sector_Impact/output_plots/02_affected_timesca
le.png>
Package pdftex.def Info: ../Portfolio_Analysis/Cross_Sector_Impact/output_plots
/02_affected_timescale.png  used on input line 274.
(pdftex.def)             Requested size: 455.24411pt x 173.02158pt.
<../Portfolio_Analysis/Cross_Sector_Impact/output_plots/03_affected_impact_type
.png, id=243, 1336.995pt x 604.659pt>
File: ../Portfolio_Analysis/Cross_Sector_Impact/output_plots/03_affected_impact
_type.png Graphic file (type png)
<use ../Portfolio_Analysis/Cross_Sector_Impact/output_plots/03_affected_impact_
type.png>
Package pdftex.def Info: ../Portfolio_Analysis/Cross_Sector_Impact/output_plots
/03_affected_impact_type.png  used on input line 281.
(pdftex.def)             Requested size: 455.24411pt x 205.8858pt.


[10 <../Portfolio_Analysis/Cross_Sector_Impact/output_plots/00_flow_visualizati
on_Mining.png> <../Portfolio_Analysis/Cross_Sector_Impact/output_plots/02_affec
ted_timescale.png>]
<../Portfolio_Analysis/Cross_Sector_Impact/output_plots/04_affected_spatial.png
, id=252, 1590.9036pt x 604.659pt>
File: ../Portfolio_Analysis/Cross_Sector_Impact/output_plots/04_affected_spatia
l.png Graphic file (type png)
<use ../Portfolio_Analysis/Cross_Sector_Impact/output_plots/04_affected_spatial
.png>
Package pdftex.def Info: ../Portfolio_Analysis/Cross_Sector_Impact/output_plots
/04_affected_spatial.png  used on input line 288.
(pdftex.def)             Requested size: 455.24411pt x 173.02158pt.
<../Portfolio_Analysis/Cross_Sector_Impact/output_plots/05_affected_sensitivity
.png, id=253, 1591.3854pt x 604.659pt>
File: ../Portfolio_Analysis/Cross_Sector_Impact/output_plots/05_affected_sensit
ivity.png Graphic file (type png)
<use ../Portfolio_Analysis/Cross_Sector_Impact/output_plots/05_affected_sensiti
vity.png>
Package pdftex.def Info: ../Portfolio_Analysis/Cross_Sector_Impact/output_plots
/05_affected_sensitivity.png  used on input line 295.
(pdftex.def)             Requested size: 455.24411pt x 172.96622pt.


[11 <../Portfolio_Analysis/Cross_Sector_Impact/output_plots/03_affected_impact_
type.png> <../Portfolio_Analysis/Cross_Sector_Impact/output_plots/04_affected_s
patial.png>]
<../Portfolio_Analysis/Cross_Sector_Impact/output_plots/06_affected_dependency.
png, id=262, 1590.9036pt x 604.659pt>
File: ../Portfolio_Analysis/Cross_Sector_Impact/output_plots/06_affected_depend
ency.png Graphic file (type png)
<use ../Portfolio_Analysis/Cross_Sector_Impact/output_plots/06_affected_depende
ncy.png>
Package pdftex.def Info: ../Portfolio_Analysis/Cross_Sector_Impact/output_plots
/06_affected_dependency.png  used on input line 302.
(pdftex.def)             Requested size: 455.24411pt x 173.02158pt.
<../Portfolio_Analysis/Cross_Sector_Impact/output_plots/07_source_intensity.png
, id=263, 1590.9036pt x 604.659pt>
File: ../Portfolio_Analysis/Cross_Sector_Impact/output_plots/07_source_intensit
y.png Graphic file (type png)
<use ../Portfolio_Analysis/Cross_Sector_Impact/output_plots/07_source_intensity
.png>
Package pdftex.def Info: ../Portfolio_Analysis/Cross_Sector_Impact/output_plots
/07_source_intensity.png  used on input line 313.
(pdftex.def)             Requested size: 455.24411pt x 173.02158pt.


[12 <../Portfolio_Analysis/Cross_Sector_Impact/output_plots/05_affected_sensiti
vity.png> <../Portfolio_Analysis/Cross_Sector_Impact/output_plots/06_affected_d
ependency.png>]
<../Portfolio_Analysis/Cross_Sector_Impact/output_plots/08_source_timescale.png
, id=273, 1590.9036pt x 604.659pt>
File: ../Portfolio_Analysis/Cross_Sector_Impact/output_plots/08_source_timescal
e.png Graphic file (type png)
<use ../Portfolio_Analysis/Cross_Sector_Impact/output_plots/08_source_timescale
.png>
Package pdftex.def Info: ../Portfolio_Analysis/Cross_Sector_Impact/output_plots
/08_source_timescale.png  used on input line 320.
(pdftex.def)             Requested size: 455.24411pt x 173.02158pt.
<../Portfolio_Analysis/Cross_Sector_Impact/output_plots/09_source_impact_type.p
ng, id=274, 1336.995pt x 604.659pt>
File: ../Portfolio_Analysis/Cross_Sector_Impact/output_plots/09_source_impact_t
ype.png Graphic file (type png)
<use ../Portfolio_Analysis/Cross_Sector_Impact/output_plots/09_source_impact_ty
pe.png>
Package pdftex.def Info: ../Portfolio_Analysis/Cross_Sector_Impact/output_plots
/09_source_impact_type.png  used on input line 327.
(pdftex.def)             Requested size: 455.24411pt x 205.8858pt.


[13 <../Portfolio_Analysis/Cross_Sector_Impact/output_plots/07_source_intensity
.png> <../Portfolio_Analysis/Cross_Sector_Impact/output_plots/08_source_timesca
le.png>]
<../Portfolio_Analysis/Cross_Sector_Impact/output_plots/10_source_spatial.png, 
id=283, 1591.8672pt x 604.659pt>
File: ../Portfolio_Analysis/Cross_Sector_Impact/output_plots/10_source_spatial.
png Graphic file (type png)
<use ../Portfolio_Analysis/Cross_Sector_Impact/output_plots/10_source_spatial.p
ng>
Package pdftex.def Info: ../Portfolio_Analysis/Cross_Sector_Impact/output_plots
/10_source_spatial.png  used on input line 334.
(pdftex.def)             Requested size: 455.24411pt x 172.92009pt.
<../Portfolio_Analysis/Cross_Sector_Impact/output_plots/11_source_sensitivity.p
ng, id=284, 1593.3126pt x 604.659pt>
File: ../Portfolio_Analysis/Cross_Sector_Impact/output_plots/11_source_sensitiv
ity.png Graphic file (type png)
<use ../Portfolio_Analysis/Cross_Sector_Impact/output_plots/11_source_sensitivi
ty.png>
Package pdftex.def Info: ../Portfolio_Analysis/Cross_Sector_Impact/output_plots
/11_source_sensitivity.png  used on input line 341.
(pdftex.def)             Requested size: 455.24411pt x 172.76323pt.


[14 <../Portfolio_Analysis/Cross_Sector_Impact/output_plots/09_source_impact_ty
pe.png> <../Portfolio_Analysis/Cross_Sector_Impact/output_plots/10_source_spati
al.png>]
<../Portfolio_Analysis/Cross_Sector_Impact/output_plots/12_source_dependency.pn
g, id=293, 1590.9036pt x 604.659pt>
File: ../Portfolio_Analysis/Cross_Sector_Impact/output_plots/12_source_dependen
cy.png Graphic file (type png)
<use ../Portfolio_Analysis/Cross_Sector_Impact/output_plots/12_source_dependenc
y.png>
Package pdftex.def Info: ../Portfolio_Analysis/Cross_Sector_Impact/output_plots
/12_source_dependency.png  used on input line 348.
(pdftex.def)             Requested size: 455.24411pt x 173.02158pt.
<../Portfolio_Analysis/Cross_Sector_Impact/output_plots/13_cumulative_affected.
png, id=296, 1004.0712pt x 714.0276pt>
File: ../Portfolio_Analysis/Cross_Sector_Impact/output_plots/13_cumulative_affe
cted.png Graphic file (type png)
<use ../Portfolio_Analysis/Cross_Sector_Impact/output_plots/13_cumulative_affec
ted.png>
Package pdftex.def Info: ../Portfolio_Analysis/Cross_Sector_Impact/output_plots
/13_cumulative_affected.png  used on input line 359.
(pdftex.def)             Requested size: 455.24411pt x 323.73907pt.


[15 <../Portfolio_Analysis/Cross_Sector_Impact/output_plots/11_source_sensitivi
ty.png> <../Portfolio_Analysis/Cross_Sector_Impact/output_plots/12_source_depen
dency.png>]
<../Portfolio_Analysis/Cross_Sector_Impact/output_plots/14_cumulative_source.pn
g, id=307, 1004.0712pt x 714.0276pt>
File: ../Portfolio_Analysis/Cross_Sector_Impact/output_plots/14_cumulative_sour
ce.png Graphic file (type png)
<use ../Portfolio_Analysis/Cross_Sector_Impact/output_plots/14_cumulative_sourc
e.png>
Package pdftex.def Info: ../Portfolio_Analysis/Cross_Sector_Impact/output_plots
/14_cumulative_source.png  used on input line 366.
(pdftex.def)             Requested size: 455.24411pt x 323.73907pt.


[16 <../Portfolio_Analysis/Cross_Sector_Impact/output_plots/13_cumulative_affec
ted.png>]
Overfull \hbox (38.80324pt too wide) in paragraph at lines 381--382
\T1/cmr/m/n/12 The Oil & Gas port-fo-lio com-prises ma-jor in-te-grated en-ergy
 com-pa-nies and ex-plo-ration/production
 []

<figures/oilgas_composition.png, id=315, 1152.4656pt x 593.0958pt>
File: figures/oilgas_composition.png Graphic file (type png)
<use figures/oilgas_composition.png>
Package pdftex.def Info: figures/oilgas_composition.png  used on input line 385
.
(pdftex.def)             Requested size: 455.24411pt x 234.28384pt.


[17 <../Portfolio_Analysis/Cross_Sector_Impact/output_plots/14_cumulative_sourc
e.png>]
<figures/OilGas_isic_composition.png, id=323, 712.5822pt x 426.393pt>
File: figures/OilGas_isic_composition.png Graphic file (type png)
<use figures/OilGas_isic_composition.png>
Package pdftex.def Info: figures/OilGas_isic_composition.png  used on input lin
e 392.
(pdftex.def)             Requested size: 364.19667pt x 217.926pt.
<../Portfolio_Analysis/OilGas/output_2015_impact.png, id=324, 2016.333pt x 859.
2903pt>
File: ../Portfolio_Analysis/OilGas/output_2015_impact.png Graphic file (type pn
g)
<use ../Portfolio_Analysis/OilGas/output_2015_impact.png>
Package pdftex.def Info: ../Portfolio_Analysis/OilGas/output_2015_impact.png  u
sed on input line 403.
(pdftex.def)             Requested size: 455.24411pt x 194.00067pt.


[18 <./figures/oilgas_composition.png> <./figures/OilGas_isic_composition.png>]
<../Portfolio_Analysis/OilGas/output_2015_source.png, id=333, 2016.333pt x 859.
2903pt>
File: ../Portfolio_Analysis/OilGas/output_2015_source.png Graphic file (type pn
g)
<use ../Portfolio_Analysis/OilGas/output_2015_source.png>
Package pdftex.def Info: ../Portfolio_Analysis/OilGas/output_2015_source.png  u
sed on input line 410.
(pdftex.def)             Requested size: 455.24411pt x 194.00067pt.
<../Portfolio_Analysis/OilGas/output_2019_impact.png, id=334, 2016.333pt x 859.
2903pt>
File: ../Portfolio_Analysis/OilGas/output_2019_impact.png Graphic file (type pn
g)
<use ../Portfolio_Analysis/OilGas/output_2019_impact.png>
Package pdftex.def Info: ../Portfolio_Analysis/OilGas/output_2019_impact.png  u
sed on input line 417.
(pdftex.def)             Requested size: 455.24411pt x 194.00067pt.


[19 <../Portfolio_Analysis/OilGas/output_2015_impact.png> <../Portfolio_Analysi
s/OilGas/output_2015_source.png>]
<../Portfolio_Analysis/OilGas/output_2019_source.png, id=343, 2016.333pt x 859.
2903pt>
File: ../Portfolio_Analysis/OilGas/output_2019_source.png Graphic file (type pn
g)
<use ../Portfolio_Analysis/OilGas/output_2019_source.png>
Package pdftex.def Info: ../Portfolio_Analysis/OilGas/output_2019_source.png  u
sed on input line 424.
(pdftex.def)             Requested size: 455.24411pt x 194.00067pt.
<../Portfolio_Analysis/OilGas/output_2024_impact.png, id=344, 2016.333pt x 859.
2903pt>
File: ../Portfolio_Analysis/OilGas/output_2024_impact.png Graphic file (type pn
g)
<use ../Portfolio_Analysis/OilGas/output_2024_impact.png>
Package pdftex.def Info: ../Portfolio_Analysis/OilGas/output_2024_impact.png  u
sed on input line 431.
(pdftex.def)             Requested size: 455.24411pt x 194.00067pt.
<../Portfolio_Analysis/OilGas/output_2024_source.png, id=345, 2016.333pt x 859.
2903pt>
File: ../Portfolio_Analysis/OilGas/output_2024_source.png Graphic file (type pn
g)
<use ../Portfolio_Analysis/OilGas/output_2024_source.png>
Package pdftex.def Info: ../Portfolio_Analysis/OilGas/output_2024_source.png  u
sed on input line 438.
(pdftex.def)             Requested size: 455.24411pt x 194.00067pt.


[20 <../Portfolio_Analysis/OilGas/output_2019_impact.png> <../Portfolio_Analysi
s/OilGas/output_2019_source.png> <../Portfolio_Analysis/OilGas/output_2024_impa
ct.png>]
<../Portfolio_Analysis/Cross_Sector_Impact/output_plots/00_flow_visualization_M
anufacturing.png, id=356, 1438.173pt x 1003.8303pt>
File: ../Portfolio_Analysis/Cross_Sector_Impact/output_plots/00_flow_visualizat
ion_Manufacturing.png Graphic file (type png)
<use ../Portfolio_Analysis/Cross_Sector_Impact/output_plots/00_flow_visualizati
on_Manufacturing.png>
Package pdftex.def Info: ../Portfolio_Analysis/Cross_Sector_Impact/output_plots
/00_flow_visualization_Manufacturing.png  used on input line 455.
(pdftex.def)             Requested size: 409.71692pt x 285.97208pt.
File: ../Portfolio_Analysis/Cross_Sector_Impact/output_plots/00_flow_visualizat
ion_Mining.png Graphic file (type png)
<use ../Portfolio_Analysis/Cross_Sector_Impact/output_plots/00_flow_visualizati
on_Mining.png>
Package pdftex.def Info: ../Portfolio_Analysis/Cross_Sector_Impact/output_plots
/00_flow_visualization_Mining.png  used on input line 467.
(pdftex.def)             Requested size: 409.71692pt x 285.97208pt.


[21 <../Portfolio_Analysis/OilGas/output_2024_source.png> <../Portfolio_Analysi
s/Cross_Sector_Impact/output_plots/00_flow_visualization_Manufacturing.png>]
<figures/foodbev_composition.png, id=367, 1151.502pt x 593.0958pt>
File: figures/foodbev_composition.png Graphic file (type png)
<use figures/foodbev_composition.png>
Package pdftex.def Info: figures/foodbev_composition.png  used on input line 48
6.
(pdftex.def)             Requested size: 455.24411pt x 234.48294pt.


[22]
<figures/FoodBeverage_isic_composition.png, id=375, 712.5822pt x 426.393pt>
File: figures/FoodBeverage_isic_composition.png Graphic file (type png)
<use figures/FoodBeverage_isic_composition.png>
Package pdftex.def Info: figures/FoodBeverage_isic_composition.png  used on inp
ut line 493.
(pdftex.def)             Requested size: 364.19667pt x 217.926pt.
<../Portfolio_Analysis/FoodBeverage/output_2015_impact.png, id=376, 2016.333pt 
x 859.2903pt>
File: ../Portfolio_Analysis/FoodBeverage/output_2015_impact.png Graphic file (t
ype png)
<use ../Portfolio_Analysis/FoodBeverage/output_2015_impact.png>
Package pdftex.def Info: ../Portfolio_Analysis/FoodBeverage/output_2015_impact.
png  used on input line 504.
(pdftex.def)             Requested size: 455.24411pt x 194.00067pt.


[23 <./figures/foodbev_composition.png> <./figures/FoodBeverage_isic_compositio
n.png>]
<../Portfolio_Analysis/FoodBeverage/output_2015_source.png, id=383, 2015.6103pt
 x 859.2903pt>
File: ../Portfolio_Analysis/FoodBeverage/output_2015_source.png Graphic file (t
ype png)
<use ../Portfolio_Analysis/FoodBeverage/output_2015_source.png>
Package pdftex.def Info: ../Portfolio_Analysis/FoodBeverage/output_2015_source.
png  used on input line 511.
(pdftex.def)             Requested size: 455.24411pt x 194.07933pt.
<../Portfolio_Analysis/FoodBeverage/output_2019_impact.png, id=384, 2016.333pt 
x 859.2903pt>
File: ../Portfolio_Analysis/FoodBeverage/output_2019_impact.png Graphic file (t
ype png)
<use ../Portfolio_Analysis/FoodBeverage/output_2019_impact.png>
Package pdftex.def Info: ../Portfolio_Analysis/FoodBeverage/output_2019_impact.
png  used on input line 518.
(pdftex.def)             Requested size: 455.24411pt x 194.00067pt.


[24 <../Portfolio_Analysis/FoodBeverage/output_2015_impact.png> <../Portfolio_A
nalysis/FoodBeverage/output_2015_source.png>]
<../Portfolio_Analysis/FoodBeverage/output_2019_source.png, id=394, 2014.8876pt
 x 859.2903pt>
File: ../Portfolio_Analysis/FoodBeverage/output_2019_source.png Graphic file (t
ype png)
<use ../Portfolio_Analysis/FoodBeverage/output_2019_source.png>
Package pdftex.def Info: ../Portfolio_Analysis/FoodBeverage/output_2019_source.
png  used on input line 525.
(pdftex.def)             Requested size: 455.24411pt x 194.1449pt.
<../Portfolio_Analysis/FoodBeverage/output_2024_impact.png, id=395, 2016.333pt 
x 859.2903pt>
File: ../Portfolio_Analysis/FoodBeverage/output_2024_impact.png Graphic file (t
ype png)
<use ../Portfolio_Analysis/FoodBeverage/output_2024_impact.png>
Package pdftex.def Info: ../Portfolio_Analysis/FoodBeverage/output_2024_impact.
png  used on input line 532.
(pdftex.def)             Requested size: 455.24411pt x 194.00067pt.
<../Portfolio_Analysis/FoodBeverage/output_2024_source.png, id=396, 2015.6103pt
 x 859.2903pt>
File: ../Portfolio_Analysis/FoodBeverage/output_2024_source.png Graphic file (t
ype png)
<use ../Portfolio_Analysis/FoodBeverage/output_2024_source.png>
Package pdftex.def Info: ../Portfolio_Analysis/FoodBeverage/output_2024_source.
png  used on input line 539.
(pdftex.def)             Requested size: 455.24411pt x 194.07933pt.


[25 <../Portfolio_Analysis/FoodBeverage/output_2019_impact.png> <../Portfolio_A
nalysis/FoodBeverage/output_2019_source.png> <../Portfolio_Analysis/FoodBeverag
e/output_2024_impact.png>]
Overfull \hbox (0.18617pt too wide) in paragraph at lines 550--551
[]\T1/cmr/bx/n/12 Manufacturing-driven im-pacts\T1/cmr/m/n/12 : The dom-i-nant 
con-tri-bu-tion to fi-nal scores comes
 []

File: ../Portfolio_Analysis/Cross_Sector_Impact/output_plots/00_flow_visualizat
ion_Manufacturing.png Graphic file (type png)
<use ../Portfolio_Analysis/Cross_Sector_Impact/output_plots/00_flow_visualizati
on_Manufacturing.png>
Package pdftex.def Info: ../Portfolio_Analysis/Cross_Sector_Impact/output_plots
/00_flow_visualization_Manufacturing.png  used on input line 567.
(pdftex.def)             Requested size: 409.71692pt x 285.97208pt.


[26 <../Portfolio_Analysis/FoodBeverage/output_2024_source.png>]
Overfull \hbox (5.1181pt too wide) in paragraph at lines 586--587
[]\T1/cmr/bx/n/12 Affected Sec-tor Over-lap\T1/cmr/m/n/12 : Both port-fo-lios s
ig-nif-i-cantly im-pact Agri-cul-ture, forestry
 []



[27]

[28]

[29]
Overfull \hbox (3.21594pt too wide) in paragraph at lines 629--630
[]\T1/cmr/bx/n/12 Engagement Pri-or-i-ties\T1/cmr/m/n/12 : Hold-ings gen-er-at-
ing dis-pro-por-tion-ate en-vi-ron-men-tal pres-
 []



[30]

[31] (./main.bbl
Underfull \hbox (badness 1603) in paragraph at lines 30--35
[]\T1/cmr/m/n/12 World Eco-nomic Fo-rum.  Na-ture risk ris-ing: Why the cri-sis
 en-gulf-ing na-ture
 []


Underfull \hbox (badness 2237) in paragraph at lines 30--35
\T1/cmr/m/n/12 mat-ters for busi-ness and the econ-omy.  [][]$\T1/cmtt/m/n/12 h
ttps : / / www . weforum . org / reports /
 []

)

[32]

[33] (./main.aux)
 ***********
LaTeX2e <2024-11-01> patch level 2
L3 programming layer <2025-01-18>
 ***********
Package rerunfilecheck Info: File `main.out' has not changed.
(rerunfilecheck)             Checksum: BA6A6F05C173CD23557188EA53C582E3;5285.
 ) 
Here is how much of TeX's memory you used:
 14471 strings out of 475178
 241929 string characters out of 5766538
 638941 words of memory out of 5000000
 37154 multiletter control sequences out of 15000+600000
 574763 words of font info for 70 fonts, out of 8000000 for 9000
 14 hyphenation exceptions out of 8191
 75i,10n,79p,1544b,554s stack positions out of 10000i,1000n,20000p,200000b,200000s
 </home/tumen-dambiev/.texlive2025/texmf-var/fonts/pk/ljfour/jknappen/ec/ectt
1200.600pk> </home/tumen-dambiev/.texlive2025/texmf-var/fonts/pk/ljfour/jknappe
n/ec/tcrm1200.600pk> </home/tumen-dambiev/.texlive2025/texmf-var/fonts/pk/ljfou
r/jknappen/ec/ecti1200.600pk> </home/tumen-dambiev/.texlive2025/texmf-var/fonts
/pk/ljfour/jknappen/ec/ecbx1440.600pk> </home/tumen-dambiev/.texlive2025/texmf-
var/fonts/pk/ljfour/jknappen/ec/ecbx1200.600pk> </home/tumen-dambiev/.texlive20
25/texmf-var/fonts/pk/ljfour/jknappen/ec/ecbx1728.600pk> </home/tumen-dambiev/.
texlive2025/texmf-var/fonts/pk/ljfour/jknappen/ec/ecrm1200.600pk> </home/tumen-
dambiev/.texlive2025/texmf-var/fonts/pk/ljfour/jknappen/ec/ecrm1095.600pk> </ho
me/tumen-dambiev/.texlive2025/texmf-var/fonts/pk/ljfour/jknappen/ec/ecbx1095.60
0pk> </home/tumen-dambiev/.texlive2025/texmf-var/fonts/pk/ljfour/jknappen/ec/ec
ti1440.600pk> </home/tumen-dambiev/.texlive2025/texmf-var/fonts/pk/ljfour/jknap
pen/ec/ecrm1440.600pk> </home/tumen-dambiev/.texlive2025/texmf-var/fonts/pk/ljf
our/jknappen/ec/ecrm1728.600pk> </home/tumen-dambiev/.texlive2025/texmf-var/fon
ts/pk/ljfour/jknappen/ec/ecbx2074.600pk></usr/share/texlive/texmf-dist/fonts/ty
pe1/public/amsfonts/cm/cmex10.pfb></usr/share/texlive/texmf-dist/fonts/type1/pu
blic/amsfonts/cm/cmmi12.pfb></usr/share/texlive/texmf-dist/fonts/type1/public/a
msfonts/cm/cmmi6.pfb></usr/share/texlive/texmf-dist/fonts/type1/public/amsfonts
/cm/cmmi8.pfb></usr/share/texlive/texmf-dist/fonts/type1/public/amsfonts/cm/cmr
12.pfb></usr/share/texlive/texmf-dist/fonts/type1/public/amsfonts/cm/cmsy10.pfb
></usr/share/texlive/texmf-dist/fonts/type1/public/amsfonts/cm/cmsy8.pfb>
Output written on main.pdf (34 pages, 8282017 bytes).
PDF statistics:
 1002 PDF objects out of 1200 (max. 8388607)
 438 compressed objects within 5 object streams
 116 named destinations out of 1000 (max. 500000)
 425 words of extra memory for PDF output out of 10000 (max. 10000000)

